<?xml version="1.0" encoding="UTF-8"?>
<!-- Generated by org.testng.reporters.JUnitXMLReporter -->
<testsuite hostname="SYSLT009" ignored="0" name="Default test" tests="1" failures="0" timestamp="2019-11-03T17:05:48 IST" time="0.079" errors="0">
  <testcase name="@BeforeTest login" time="-1.572780948818E9" classname="org.leaftap.wrapper.ProjectSpecificMethod">
    <failure type="org.testng.TestNGException" message="
Parameter &amp;apos;url&amp;apos; is required by BeforeTest on method login but has not been marked @Optional or defined
in C:\Users\Sysadmin\AppData\Local\Temp\testng-eclipse-353265860\testng-customsuite.xml">
      <![CDATA[org.testng.TestNGException: 
Parameter 'url' is required by BeforeTest on method login but has not been marked @Optional or defined
in C:\Users\Sysadmin\AppData\Local\Temp\testng-eclipse-353265860\testng-customsuite.xml
at org.testng.internal.Parameters.createParams(Parameters.java:289)
at org.testng.internal.Parameters.createParametersForMethod(Parameters.java:377)
at org.testng.internal.Parameters.createParameters(Parameters.java:721)
at org.testng.internal.Parameters.createConfigurationParameters(Parameters.java:164)
at org.testng.internal.ConfigInvoker.invokeConfigurations(ConfigInvoker.java:275)
at org.testng.TestRunner.invokeTestConfigurations(TestRunner.java:623)
at org.testng.TestRunner.beforeRun(TestRunner.java:613)
at org.testng.TestRunner.run(TestRunner.java:584)
at org.testng.SuiteRunner.runTest(SuiteRunner.java:402)
at org.testng.SuiteRunner.runSequentially(SuiteRunner.java:396)
at org.testng.SuiteRunner.privateRun(SuiteRunner.java:355)
at org.testng.SuiteRunner.run(SuiteRunner.java:304)
at org.testng.SuiteRunnerWorker.runSuite(SuiteRunnerWorker.java:53)
at org.testng.SuiteRunnerWorker.run(SuiteRunnerWorker.java:96)
at org.testng.TestNG.runSuitesSequentially(TestNG.java:1180)
at org.testng.TestNG.runSuitesLocally(TestNG.java:1102)
at org.testng.TestNG.runSuites(TestNG.java:1032)
at org.testng.TestNG.run(TestNG.java:1000)
at org.testng.remote.AbstractRemoteTestNG.run(AbstractRemoteTestNG.java:115)
at org.testng.remote.RemoteTestNG.initAndRun(RemoteTestNG.java:251)
at org.testng.remote.RemoteTestNG.main(RemoteTestNG.java:77)
]]>
    </failure>
  </testcase> <!-- @BeforeTest login -->
  <testcase name="@BeforeTest setData" time="-1.57278094883E9" classname="org.leaftap.testcases.TC001_CreateLead">
    <skipped/>
  </testcase> <!-- @BeforeTest setData -->
  <testcase name="@AfterTest closeBrowser" time="-1.572780948891E9" classname="org.leaftap.wrapper.ProjectSpecificMethod">
    <skipped/>
  </testcase> <!-- @AfterTest closeBrowser -->
  <testcase name="CreateLead" time="0.0" classname="org.leaftap.testcases.TC001_CreateLead">
    <skipped/>
  </testcase> <!-- CreateLead -->
</testsuite> <!-- Default test -->
